  MOV.cpp
  DCSLogicTaskDrawingTextProvider.cpp
  LINK : /LTCG specified but no code generation required; remove /LTCG from the link command line to improve linker performance
  Rockwell_Library.vcxproj -> C:\Projects\Marsh Landing Simulator\Slave Projects\SCR.project\Solutions\Rockwell_Library\Rockwell_Library\.\Rockwell_Library.dll
  The directory is not empty.
  A subdirectory or file ..\..\LibraryReload\Rockwell_Library\Rockwell_Library already exists.
          1 file(s) copied.
          1 file(s) copied.
  .\Images\ABS.png
  .\Images\ADD.png
  .\Images\Block_Template.xcf
  .\Images\CLR.png
  .\Images\COP.png
  .\Images\CPT.png
  .\Images\DIV.png
  .\Images\END.png
  .\Images\EQU.png
  .\Images\FLL.png
  .\Images\GEQ.png
  .\Images\GRT.png
  .\Images\JMP.png
  .\Images\JSR.png
  .\Images\LBL.png
  .\Images\LEQ.png
  .\Images\LES.png
  .\Images\LIM.png
  .\Images\Link.png
  .\Images\MOV.png
  .\Images\MUL.png
  .\Images\NEQ.png
  .\Images\Node.png
  .\Images\OSR.png
  .\Images\OTE.png
  .\Images\OTL.png
  .\Images\OTU.png
  .\Images\PID.png
  .\Images\RET.png
  .\Images\Rockwell_DCSLogic_Task.png
  .\Images\Rockwell_Library.png
  .\Images\Rung.png
  .\Images\SUB.png
  .\Images\SVC.png
  .\Images\TON.png
  .\Images\T_Property.png
  .\Images\XIC.png
  .\Images\XIO.png
         38 file(s) copied.
