C:\PROJECTS\USNRGML - MARSH LANDING SIMULATOR\MARSH_LANDING.PROJECT\SOLUTIONS\ROCKWELL_LIBRARY\ROCKWELL_LIBRARY\ROCKWELL_LIBRARY\ROCKWELL_LIBRARY.PCH
C:\PROJECTS\USNRGML - MARSH LANDING SIMULATOR\MARSH_LANDING.PROJECT\SOLUTIONS\ROCKWELL_LIBRARY\ROCKWELL_LIBRARY\ROCKWELL_LIBRARY\STDAFX.OBJ
C:\PROJECTS\USNRGML - MARSH LANDING SIMULATOR\MARSH_LANDING.PROJECT\SOLUTIONS\ROCKWELL_LIBRARY\ROCKWELL_LIBRARY\ROCKWELL_LIBRARY\VC110.PDB
C:\PROJECTS\USNRGML - MARSH LANDING SIMULATOR\MARSH_LANDING.PROJECT\SOLUTIONS\ROCKWELL_LIBRARY\ROCKWELL_LIBRARY\ROCKWELL_LIBRARY\ASSEMBLYINFO.OBJ
C:\PROJECTS\USNRGML - MARSH LANDING SIMULATOR\MARSH_LANDING.PROJECT\SOLUTIONS\ROCKWELL_LIBRARY\ROCKWELL_LIBRARY\ROCKWELL_LIBRARY\DCSLOGICTASK.OBJ
C:\PROJECTS\USNRGML - MARSH LANDING SIMULATOR\MARSH_LANDING.PROJECT\SOLUTIONS\ROCKWELL_LIBRARY\ROCKWELL_LIBRARY\ROCKWELL_LIBRARY\TON.OBJ
C:\PROJECTS\USNRGML - MARSH LANDING SIMULATOR\MARSH_LANDING.PROJECT\SOLUTIONS\ROCKWELL_LIBRARY\ROCKWELL_LIBRARY\ROCKWELL_LIBRARY\NEQ.OBJ
C:\PROJECTS\USNRGML - MARSH LANDING SIMULATOR\MARSH_LANDING.PROJECT\SOLUTIONS\ROCKWELL_LIBRARY\ROCKWELL_LIBRARY\ROCKWELL_LIBRARY\LEQ.OBJ
C:\PROJECTS\USNRGML - MARSH LANDING SIMULATOR\MARSH_LANDING.PROJECT\SOLUTIONS\ROCKWELL_LIBRARY\ROCKWELL_LIBRARY\ROCKWELL_LIBRARY\GEQ.OBJ
C:\PROJECTS\USNRGML - MARSH LANDING SIMULATOR\MARSH_LANDING.PROJECT\SOLUTIONS\ROCKWELL_LIBRARY\ROCKWELL_LIBRARY\ROCKWELL_LIBRARY\RUNG.OBJ
C:\PROJECTS\USNRGML - MARSH LANDING SIMULATOR\MARSH_LANDING.PROJECT\SOLUTIONS\ROCKWELL_LIBRARY\ROCKWELL_LIBRARY\ROCKWELL_LIBRARY\OTL.OBJ
C:\PROJECTS\USNRGML - MARSH LANDING SIMULATOR\MARSH_LANDING.PROJECT\SOLUTIONS\ROCKWELL_LIBRARY\ROCKWELL_LIBRARY\ROCKWELL_LIBRARY\OTU.OBJ
C:\PROJECTS\USNRGML - MARSH LANDING SIMULATOR\MARSH_LANDING.PROJECT\SOLUTIONS\ROCKWELL_LIBRARY\ROCKWELL_LIBRARY\ROCKWELL_LIBRARY\DCSLOGICCOMPONENT.OBJ
C:\PROJECTS\USNRGML - MARSH LANDING SIMULATOR\MARSH_LANDING.PROJECT\SOLUTIONS\ROCKWELL_LIBRARY\ROCKWELL_LIBRARY\ROCKWELL_LIBRARY\COP.OBJ
C:\PROJECTS\USNRGML - MARSH LANDING SIMULATOR\MARSH_LANDING.PROJECT\SOLUTIONS\ROCKWELL_LIBRARY\ROCKWELL_LIBRARY\ROCKWELL_LIBRARY\JSR.OBJ
C:\PROJECTS\USNRGML - MARSH LANDING SIMULATOR\MARSH_LANDING.PROJECT\SOLUTIONS\ROCKWELL_LIBRARY\ROCKWELL_LIBRARY\ROCKWELL_LIBRARY\NODE.OBJ
C:\PROJECTS\USNRGML - MARSH LANDING SIMULATOR\MARSH_LANDING.PROJECT\SOLUTIONS\ROCKWELL_LIBRARY\ROCKWELL_LIBRARY\ROCKWELL_LIBRARY\RET.OBJ
C:\PROJECTS\USNRGML - MARSH LANDING SIMULATOR\MARSH_LANDING.PROJECT\SOLUTIONS\ROCKWELL_LIBRARY\ROCKWELL_LIBRARY\ROCKWELL_LIBRARY\SUB.OBJ
C:\PROJECTS\USNRGML - MARSH LANDING SIMULATOR\MARSH_LANDING.PROJECT\SOLUTIONS\ROCKWELL_LIBRARY\ROCKWELL_LIBRARY\ROCKWELL_LIBRARY\CPT.OBJ
C:\PROJECTS\USNRGML - MARSH LANDING SIMULATOR\MARSH_LANDING.PROJECT\SOLUTIONS\ROCKWELL_LIBRARY\ROCKWELL_LIBRARY\ROCKWELL_LIBRARY\ADD.OBJ
C:\PROJECTS\USNRGML - MARSH LANDING SIMULATOR\MARSH_LANDING.PROJECT\SOLUTIONS\ROCKWELL_LIBRARY\ROCKWELL_LIBRARY\ROCKWELL_LIBRARY\ABS.OBJ
C:\PROJECTS\USNRGML - MARSH LANDING SIMULATOR\MARSH_LANDING.PROJECT\SOLUTIONS\ROCKWELL_LIBRARY\ROCKWELL_LIBRARY\ROCKWELL_LIBRARY\LIM.OBJ
C:\PROJECTS\USNRGML - MARSH LANDING SIMULATOR\MARSH_LANDING.PROJECT\SOLUTIONS\ROCKWELL_LIBRARY\ROCKWELL_LIBRARY\ROCKWELL_LIBRARY\PID.OBJ
C:\PROJECTS\USNRGML - MARSH LANDING SIMULATOR\MARSH_LANDING.PROJECT\SOLUTIONS\ROCKWELL_LIBRARY\ROCKWELL_LIBRARY\ROCKWELL_LIBRARY\XIC.OBJ
C:\PROJECTS\USNRGML - MARSH LANDING SIMULATOR\MARSH_LANDING.PROJECT\SOLUTIONS\ROCKWELL_LIBRARY\ROCKWELL_LIBRARY\ROCKWELL_LIBRARY\GRT.OBJ
C:\PROJECTS\USNRGML - MARSH LANDING SIMULATOR\MARSH_LANDING.PROJECT\SOLUTIONS\ROCKWELL_LIBRARY\ROCKWELL_LIBRARY\ROCKWELL_LIBRARY\LES.OBJ
C:\PROJECTS\USNRGML - MARSH LANDING SIMULATOR\MARSH_LANDING.PROJECT\SOLUTIONS\ROCKWELL_LIBRARY\ROCKWELL_LIBRARY\ROCKWELL_LIBRARY\EQU.OBJ
C:\PROJECTS\USNRGML - MARSH LANDING SIMULATOR\MARSH_LANDING.PROJECT\SOLUTIONS\ROCKWELL_LIBRARY\ROCKWELL_LIBRARY\ROCKWELL_LIBRARY\DCSLOGICTASKDRAWINGTEXTPROVIDER.OBJ
C:\PROJECTS\USNRGML - MARSH LANDING SIMULATOR\MARSH_LANDING.PROJECT\SOLUTIONS\ROCKWELL_LIBRARY\ROCKWELL_LIBRARY\ROCKWELL_LIBRARY\OSR.OBJ
C:\PROJECTS\USNRGML - MARSH LANDING SIMULATOR\MARSH_LANDING.PROJECT\SOLUTIONS\ROCKWELL_LIBRARY\ROCKWELL_LIBRARY\ROCKWELL_LIBRARY\OTE.OBJ
C:\PROJECTS\USNRGML - MARSH LANDING SIMULATOR\MARSH_LANDING.PROJECT\SOLUTIONS\ROCKWELL_LIBRARY\ROCKWELL_LIBRARY\ROCKWELL_LIBRARY\XIO.OBJ
C:\PROJECTS\USNRGML - MARSH LANDING SIMULATOR\MARSH_LANDING.PROJECT\SOLUTIONS\ROCKWELL_LIBRARY\ROCKWELL_LIBRARY\ROCKWELL_LIBRARY\MOV.OBJ
C:\PROJECTS\USNRGML - MARSH LANDING SIMULATOR\MARSH_LANDING.PROJECT\SOLUTIONS\ROCKWELL_LIBRARY\ROCKWELL_LIBRARY\ROCKWELL_LIBRARY\.NETFRAMEWORK,VERSION=V4.0.ASSEMBLYATTRIBUTES.OBJ
C:\PROJECTS\USNRGML - MARSH LANDING SIMULATOR\MARSH_LANDING.PROJECT\SOLUTIONS\ROCKWELL_LIBRARY\ROCKWELL_LIBRARY\ROCKWELL_LIBRARY.DLL
C:\PROJECTS\USNRGML - MARSH LANDING SIMULATOR\MARSH_LANDING.PROJECT\SOLUTIONS\ROCKWELL_LIBRARY\ROCKWELL_LIBRARY\ROCKWELL_LIBRARY.PDB
C:\PROJECTS\USNRGML - MARSH LANDING SIMULATOR\MARSH_LANDING.PROJECT\SOLUTIONS\ROCKWELL_LIBRARY\ROCKWELL_LIBRARY\ROCKWELL_LIBRARY\METAGEN.WRITE.1.TLOG
C:\PROJECTS\USNRGML - MARSH LANDING SIMULATOR\MARSH_LANDING.PROJECT\SOLUTIONS\ROCKWELL_LIBRARY\ROCKWELL_LIBRARY\ROCKWELL_LIBRARY\ROCKWELL_LIBRARY.RES
C:\Projects\USNRGML - Marsh Landing Simulator\Marsh_Landing.project\Solutions\Rockwell_Library\Rockwell_Library\DCS.dll
C:\Projects\USNRGML - Marsh Landing Simulator\Marsh_Landing.project\Solutions\Rockwell_Library\Rockwell_Library\CSScriptLibrary.dll
C:\Projects\USNRGML - Marsh Landing Simulator\Marsh_Landing.project\Solutions\Rockwell_Library\Rockwell_Library\DCS.Scripting.Resources.dll
C:\Projects\USNRGML - Marsh Landing Simulator\Marsh_Landing.project\Solutions\Rockwell_Library\Rockwell_Library\Puzzle.CoreLib.NET2.dll
C:\Projects\USNRGML - Marsh Landing Simulator\Marsh_Landing.project\Solutions\Rockwell_Library\Rockwell_Library\Puzzle.SyntaxBox.NET2.dll
C:\Projects\USNRGML - Marsh Landing Simulator\Marsh_Landing.project\Solutions\Rockwell_Library\Rockwell_Library\Puzzle.SyntaxDocument.NET2.dll
C:\Projects\USNRGML - Marsh Landing Simulator\Marsh_Landing.project\Solutions\Rockwell_Library\Rockwell_Library\DCS.pdb
C:\Projects\USNRGML - Marsh Landing Simulator\Marsh_Landing.project\Solutions\Rockwell_Library\Rockwell_Library\DCS.xml
C:\Projects\USNRGML - Marsh Landing Simulator\Marsh_Landing.project\Solutions\Rockwell_Library\Rockwell_Library\Rockwell_Library\Rockwell_Library.vcxprojResolveAssemblyReference.cache
C:\Projects\USNRGML - Marsh Landing Simulator\Marsh_Landing.project\Solutions\Rockwell_Library\Rockwell_Library\Rockwell_Library\.NETFramework,Version=v4.0.AssemblyAttributes.obj
C:\Projects\USNRGML - Marsh Landing Simulator\Marsh_Landing.project\Solutions\Rockwell_Library\Rockwell_Library\Rockwell_Library\ABS.obj
C:\Projects\USNRGML - Marsh Landing Simulator\Marsh_Landing.project\Solutions\Rockwell_Library\Rockwell_Library\Rockwell_Library\ADD.obj
C:\Projects\USNRGML - Marsh Landing Simulator\Marsh_Landing.project\Solutions\Rockwell_Library\Rockwell_Library\Rockwell_Library\AssemblyInfo.obj
C:\Projects\USNRGML - Marsh Landing Simulator\Marsh_Landing.project\Solutions\Rockwell_Library\Rockwell_Library\Rockwell_Library\COP.obj
C:\Projects\USNRGML - Marsh Landing Simulator\Marsh_Landing.project\Solutions\Rockwell_Library\Rockwell_Library\Rockwell_Library\CPT.obj
C:\Projects\USNRGML - Marsh Landing Simulator\Marsh_Landing.project\Solutions\Rockwell_Library\Rockwell_Library\Rockwell_Library\DCSLogicComponent.obj
C:\Projects\USNRGML - Marsh Landing Simulator\Marsh_Landing.project\Solutions\Rockwell_Library\Rockwell_Library\Rockwell_Library\DCSLogicTask.obj
C:\Projects\USNRGML - Marsh Landing Simulator\Marsh_Landing.project\Solutions\Rockwell_Library\Rockwell_Library\Rockwell_Library\DCSLogicTaskDrawingTextProvider.obj
C:\Projects\USNRGML - Marsh Landing Simulator\Marsh_Landing.project\Solutions\Rockwell_Library\Rockwell_Library\Rockwell_Library\EQU.obj
C:\Projects\USNRGML - Marsh Landing Simulator\Marsh_Landing.project\Solutions\Rockwell_Library\Rockwell_Library\Rockwell_Library\GEQ.obj
C:\Projects\USNRGML - Marsh Landing Simulator\Marsh_Landing.project\Solutions\Rockwell_Library\Rockwell_Library\Rockwell_Library\GRT.obj
C:\Projects\USNRGML - Marsh Landing Simulator\Marsh_Landing.project\Solutions\Rockwell_Library\Rockwell_Library\Rockwell_Library\JSR.obj
C:\Projects\USNRGML - Marsh Landing Simulator\Marsh_Landing.project\Solutions\Rockwell_Library\Rockwell_Library\Rockwell_Library\LEQ.obj
C:\Projects\USNRGML - Marsh Landing Simulator\Marsh_Landing.project\Solutions\Rockwell_Library\Rockwell_Library\Rockwell_Library\LES.obj
C:\Projects\USNRGML - Marsh Landing Simulator\Marsh_Landing.project\Solutions\Rockwell_Library\Rockwell_Library\Rockwell_Library\LIM.obj
C:\Projects\USNRGML - Marsh Landing Simulator\Marsh_Landing.project\Solutions\Rockwell_Library\Rockwell_Library\Rockwell_Library\MOV.obj
C:\Projects\USNRGML - Marsh Landing Simulator\Marsh_Landing.project\Solutions\Rockwell_Library\Rockwell_Library\Rockwell_Library\NEQ.obj
C:\Projects\USNRGML - Marsh Landing Simulator\Marsh_Landing.project\Solutions\Rockwell_Library\Rockwell_Library\Rockwell_Library\Node.obj
C:\Projects\USNRGML - Marsh Landing Simulator\Marsh_Landing.project\Solutions\Rockwell_Library\Rockwell_Library\Rockwell_Library\OSR.obj
C:\Projects\USNRGML - Marsh Landing Simulator\Marsh_Landing.project\Solutions\Rockwell_Library\Rockwell_Library\Rockwell_Library\OTE.obj
C:\Projects\USNRGML - Marsh Landing Simulator\Marsh_Landing.project\Solutions\Rockwell_Library\Rockwell_Library\Rockwell_Library\OTL.obj
C:\Projects\USNRGML - Marsh Landing Simulator\Marsh_Landing.project\Solutions\Rockwell_Library\Rockwell_Library\Rockwell_Library\OTU.obj
C:\Projects\USNRGML - Marsh Landing Simulator\Marsh_Landing.project\Solutions\Rockwell_Library\Rockwell_Library\Rockwell_Library\PID.obj
C:\Projects\USNRGML - Marsh Landing Simulator\Marsh_Landing.project\Solutions\Rockwell_Library\Rockwell_Library\Rockwell_Library\RET.obj
C:\Projects\USNRGML - Marsh Landing Simulator\Marsh_Landing.project\Solutions\Rockwell_Library\Rockwell_Library\Rockwell_Library\Rung.obj
C:\Projects\USNRGML - Marsh Landing Simulator\Marsh_Landing.project\Solutions\Rockwell_Library\Rockwell_Library\Rockwell_Library\Stdafx.obj
C:\Projects\USNRGML - Marsh Landing Simulator\Marsh_Landing.project\Solutions\Rockwell_Library\Rockwell_Library\Rockwell_Library\SUB.obj
C:\Projects\USNRGML - Marsh Landing Simulator\Marsh_Landing.project\Solutions\Rockwell_Library\Rockwell_Library\Rockwell_Library\TON.obj
C:\Projects\USNRGML - Marsh Landing Simulator\Marsh_Landing.project\Solutions\Rockwell_Library\Rockwell_Library\Rockwell_Library\XIC.obj
C:\Projects\USNRGML - Marsh Landing Simulator\Marsh_Landing.project\Solutions\Rockwell_Library\Rockwell_Library\Rockwell_Library\XIO.obj
C:\Projects\USNRGML - Marsh Landing Simulator\Marsh_Landing.project\Solutions\Rockwell_Library\Rockwell_Library\Rockwell_Library\cl.command.1.tlog
C:\Projects\USNRGML - Marsh Landing Simulator\Marsh_Landing.project\Solutions\Rockwell_Library\Rockwell_Library\Rockwell_Library\CL.read.1.tlog
C:\Projects\USNRGML - Marsh Landing Simulator\Marsh_Landing.project\Solutions\Rockwell_Library\Rockwell_Library\Rockwell_Library\CL.write.1.tlog
C:\Projects\USNRGML - Marsh Landing Simulator\Marsh_Landing.project\Solutions\Rockwell_Library\Rockwell_Library\Rockwell_Library\link-cvtres.read.1.tlog
C:\Projects\USNRGML - Marsh Landing Simulator\Marsh_Landing.project\Solutions\Rockwell_Library\Rockwell_Library\Rockwell_Library\link-cvtres.write.1.tlog
C:\Projects\USNRGML - Marsh Landing Simulator\Marsh_Landing.project\Solutions\Rockwell_Library\Rockwell_Library\Rockwell_Library\link-rc.read.1.tlog
C:\Projects\USNRGML - Marsh Landing Simulator\Marsh_Landing.project\Solutions\Rockwell_Library\Rockwell_Library\Rockwell_Library\link-rc.write.1.tlog
C:\Projects\USNRGML - Marsh Landing Simulator\Marsh_Landing.project\Solutions\Rockwell_Library\Rockwell_Library\Rockwell_Library\link.command.1.tlog
C:\Projects\USNRGML - Marsh Landing Simulator\Marsh_Landing.project\Solutions\Rockwell_Library\Rockwell_Library\Rockwell_Library\link.read.1.tlog
C:\Projects\USNRGML - Marsh Landing Simulator\Marsh_Landing.project\Solutions\Rockwell_Library\Rockwell_Library\Rockwell_Library\link.write.1.tlog
C:\Projects\USNRGML - Marsh Landing Simulator\Marsh_Landing.project\Solutions\Rockwell_Library\Rockwell_Library\Rockwell_Library\metagen.read.1.tlog
C:\Projects\USNRGML - Marsh Landing Simulator\Marsh_Landing.project\Solutions\Rockwell_Library\Rockwell_Library\Rockwell_Library\metagen.write.1.tlog
C:\Projects\USNRGML - Marsh Landing Simulator\Marsh_Landing.project\Solutions\Rockwell_Library\Rockwell_Library\Rockwell_Library\rc.command.1.tlog
C:\Projects\USNRGML - Marsh Landing Simulator\Marsh_Landing.project\Solutions\Rockwell_Library\Rockwell_Library\Rockwell_Library\rc.read.1.tlog
C:\Projects\USNRGML - Marsh Landing Simulator\Marsh_Landing.project\Solutions\Rockwell_Library\Rockwell_Library\Rockwell_Library\rc.write.1.tlog
C:\Projects\USNRGML - Marsh Landing Simulator\Marsh_Landing.project\Solutions\Rockwell_Library\Rockwell_Library\Rockwell_Library\Rockwell_Library.write.1.tlog
C:\Projects\USNRGML - Marsh Landing Simulator\Marsh_Landing.project\Solutions\Rockwell_Library\Rockwell_Library\Rockwell_Library\Rockwell_Library.res
C:\Projects\USNRGML - Marsh Landing Simulator\Marsh_Landing.project\Solutions\Rockwell_Library\Rockwell_Library\Rockwell_Library\Rockwell_Library.pch
C:\Projects\USNRGML - Marsh Landing Simulator\Marsh_Landing.project\Solutions\Rockwell_Library\Rockwell_Library\Rockwell_Library\vc110.pdb
C:\Projects\USNRGML - Marsh Landing Simulator\Marsh_Landing.project\Solutions\Rockwell_Library\Rockwell_Library\Rockwell_Library\IPS.COLLECTIONS.DLL.metagen
C:\Projects\USNRGML - Marsh Landing Simulator\Marsh_Landing.project\Solutions\Rockwell_Library\Rockwell_Library\Rockwell_Library\IPS.CORE.DLL.metagen
C:\Projects\USNRGML - Marsh Landing Simulator\Marsh_Landing.project\Solutions\Rockwell_Library\Rockwell_Library\Rockwell_Library\IPS.EVENTMANAGER.DLL.metagen
C:\Projects\USNRGML - Marsh Landing Simulator\Marsh_Landing.project\Solutions\Rockwell_Library\Rockwell_Library\Rockwell_Library\IPS.HELP.DLL.metagen
C:\Projects\USNRGML - Marsh Landing Simulator\Marsh_Landing.project\Solutions\Rockwell_Library\Rockwell_Library\Rockwell_Library\IPS.LIBRARYINTERFACES.DLL.metagen
C:\Projects\USNRGML - Marsh Landing Simulator\Marsh_Landing.project\Solutions\Rockwell_Library\Rockwell_Library\Rockwell_Library\IPS.REMOTING.DLL.metagen
C:\Projects\USNRGML - Marsh Landing Simulator\Marsh_Landing.project\Solutions\Rockwell_Library\Rockwell_Library\Rockwell_Library\SMARTPROPERTYGRID.DLL.metagen
C:\Projects\USNRGML - Marsh Landing Simulator\Marsh_Landing.project\Solutions\Rockwell_Library\Rockwell_Library\Rockwell_Library\ZEDGRAPH.DLL.metagen
C:\Projects\USNRGML - Marsh Landing Simulator\Marsh_Landing.project\Solutions\Rockwell_Library\Rockwell_Library\Rockwell_Library\RSAENH.DLL.bi
C:\Projects\USNRGML - Marsh Landing Simulator\Marsh_Landing.project\Solutions\Rockwell_Library\Rockwell_Library\Rockwell_Library\TZRES.DLL.bi
C:\Projects\USNRGML - Marsh Landing Simulator\Marsh_Landing.project\Solutions\Rockwell_Library\Rockwell_Library\.\Rockwell_Library.dll
